08:43:05 []  SELECT * FROM news order by news_id desc
08:43:05 []  SELECT * FROM events order by events_id desc
09:19:36 []  SELECT * FROM news order by news_id desc
09:19:36 []  SELECT * FROM events order by events_id desc
09:20:07 []  SELECT * FROM news order by news_id desc
09:20:07 []  SELECT * FROM events order by events_id desc
10:05:20 []  SELECT * FROM news order by news_id desc
10:05:20 []  SELECT * FROM events order by events_id desc
11:05:24 []  SELECT * FROM news order by news_id desc
11:05:24 []  SELECT * FROM events order by events_id desc
11:12:56 []  SELECT * FROM news order by news_id desc
11:12:56 []  SELECT * FROM events order by events_id desc
11:12:59 []  SELECT * FROM news order by news_id desc
11:13:26 []  SELECT * FROM news order by news_id desc
11:13:26 []  SELECT * FROM events order by events_id desc
11:14:28 []  SELECT * FROM news order by news_id desc
11:14:28 []  SELECT * FROM events order by events_id desc
11:14:56 []  SELECT * FROM events order by events_id desc
11:15:02 []  SELECT * FROM news order by news_id desc
11:15:02 []  SELECT * FROM events order by events_id desc
11:17:19 []  SELECT * FROM news order by news_id desc
11:17:19 []  SELECT * FROM events order by events_id desc
11:17:21 []  SELECT * FROM news order by news_id desc
11:17:21 []  SELECT * FROM events order by events_id desc
11:17:35 []  SELECT * FROM news order by news_id desc
11:17:35 []  SELECT * FROM events order by events_id desc
11:25:18 []  SELECT * FROM news order by news_id desc
11:25:18 []  SELECT * FROM events order by events_id desc
11:25:25 []  SELECT * FROM news order by news_id desc
11:25:25 []  SELECT * FROM events order by events_id desc
15:15:22 []  SELECT * FROM news order by news_id desc
15:15:22 []  SELECT * FROM events order by events_id desc
15:15:33 []  SELECT * FROM news order by news_id desc
15:15:33 []  SELECT * FROM events order by events_id desc
15:15:50 []  SELECT * FROM news order by news_id desc
15:15:50 []  SELECT * FROM events order by events_id desc
15:15:57 []  SELECT * FROM news order by news_id desc
15:15:57 []  SELECT * FROM events order by events_id desc
15:16:38 []  SELECT * FROM news order by news_id desc
15:16:38 []  SELECT * FROM events order by events_id desc
15:17:34 []  SELECT * FROM news order by news_id desc
15:17:34 []  SELECT * FROM events order by events_id desc
15:33:37 []  SELECT * FROM news order by news_id desc
15:33:37 []  SELECT * FROM events order by events_id desc
15:33:55 []  SELECT * FROM professor where type_id=2 order by firstname asc
15:34:12 []  SELECT * FROM news order by news_id desc
15:39:24 []  SELECT * FROM news order by news_id desc
15:39:24 []  SELECT * FROM events order by events_id desc
15:45:24 []  SELECT * FROM news order by news_id desc
15:45:24 []  SELECT * FROM events order by events_id desc
15:48:26 []  SELECT * FROM news order by news_id desc
15:48:26 []  SELECT * FROM events order by events_id desc
15:49:36 []  SELECT * FROM news order by news_id desc
15:49:36 []  SELECT * FROM events order by events_id desc
15:52:34 []  SELECT * FROM news order by news_id desc
15:56:26 []  SELECT * FROM news order by news_id desc
16:34:22 []  SELECT * FROM news order by news_id desc
16:34:22 []  SELECT * FROM events order by events_id desc
16:35:24 []  SELECT * FROM news order by news_id desc
16:35:24 []  SELECT * FROM events order by events_id desc
16:39:44 []  SELECT * FROM news order by news_id desc
16:39:44 []  SELECT * FROM events order by events_id desc
16:52:31 []  SELECT * FROM news order by news_id desc
16:52:31 []  SELECT * FROM events order by events_id desc
16:58:30 []  SELECT * FROM news order by news_id desc
16:58:30 []  SELECT * FROM events order by events_id desc
16:59:00 []  SELECT * FROM news order by news_id desc
17:11:04 []  SELECT * FROM news order by news_id desc
17:11:04 []  SELECT * FROM events order by events_id desc
17:11:15 []  SELECT * FROM news order by news_id desc
17:15:02 []  SELECT * FROM news order by news_id desc
17:15:02 []  SELECT * FROM events order by events_id desc
17:29:21 []  SELECT * FROM news order by news_id desc
17:32:01 []  SELECT * FROM news order by news_id desc
17:32:01 []  SELECT * FROM events order by events_id desc
17:32:13 []  SELECT * FROM news order by news_id desc
17:32:13 []  SELECT * FROM events order by events_id desc
17:42:02 []  SELECT * FROM news order by news_id desc
17:42:02 []  SELECT * FROM events order by events_id desc
17:47:58 []  SELECT * FROM news order by news_id desc
17:47:58 []  SELECT * FROM events order by events_id desc
17:51:27 []  SELECT * FROM news order by news_id desc
17:51:27 []  SELECT * FROM events order by events_id desc
18:27:36 []  SELECT * FROM news order by news_id desc
18:43:52 []  SELECT * FROM news order by news_id desc
18:43:52 []  SELECT * FROM events order by events_id desc
18:44:44 []  SELECT * FROM professor where (type_id=0) and (firstname like 'g%' or firstname like 'h%' or firstname like 'i%' or firstname like 'j%' or firstname like 'k%' or firstname like 'l%') order by firstname asc
18:58:28 []  SELECT * FROM news order by news_id desc
18:58:28 []  SELECT * FROM events order by events_id desc
18:59:28 []  SELECT * FROM news order by news_id desc
18:59:28 []  SELECT * FROM events order by events_id desc
19:24:30 []  SELECT * FROM news order by news_id desc
19:24:30 []  SELECT * FROM events order by events_id desc
19:25:16 []  SELECT * FROM news order by news_id desc
19:25:16 []  SELECT * FROM events order by events_id desc
19:25:59 []  SELECT * FROM news order by news_id desc
19:28:22 []  SELECT * FROM professor where (type_id=0) and (firstname like 'g%' or firstname like 'h%' or firstname like 'i%' or firstname like 'j%' or firstname like 'k%' or firstname like 'l%') order by firstname asc
19:28:51 []  SELECT * FROM professor where (type_id=0) and (firstname like 'g%' or firstname like 'h%' or firstname like 'i%' or firstname like 'j%' or firstname like 'k%' or firstname like 'l%') order by firstname asc
19:28:56 []  SELECT * FROM professor where (type_id=0) and (firstname like 'g%' or firstname like 'h%' or firstname like 'i%' or firstname like 'j%' or firstname like 'k%' or firstname like 'l%') order by firstname asc
19:28:59 []  SELECT * FROM professor where (type_id=0) and (firstname like 's%' or firstname like 't%' or firstname like 'u%' or firstname like 'v%' or firstname like 'w%' or firstname like 'x%' or firstname like 'y%' or firstname like 'z%') order by firstname asc
19:47:59 []  SELECT * FROM news order by news_id desc
19:47:59 []  SELECT * FROM events order by events_id desc
19:51:38 []  SELECT * FROM professor where (type_id=0) and (firstname like 'a%' or firstname like 'b%' or firstname like 'c%' or firstname like 'd%' or firstname like 'e%' or firstname like 'f%') order by firstname asc
19:52:24 []  SELECT * FROM news order by news_id desc
19:52:24 []  SELECT * FROM events order by events_id desc
19:52:26 []  SELECT * FROM news order by news_id desc
19:52:27 []  SELECT * FROM news order by news_id desc
19:58:49 []  SELECT * FROM news order by news_id desc
21:13:29 []  SELECT * FROM news order by news_id desc
21:13:29 []  SELECT * FROM events order by events_id desc
21:14:25 []  SELECT * FROM news order by news_id desc
21:14:25 []  SELECT * FROM events order by events_id desc
21:14:26 []  SELECT * FROM news order by news_id desc
21:14:26 []  SELECT * FROM news order by news_id desc
21:26:31 []  SELECT * FROM news order by news_id desc
21:26:31 []  SELECT * FROM events order by events_id desc
21:27:01 []  SELECT * FROM news order by news_id desc
21:27:01 []  SELECT * FROM events order by events_id desc
21:59:12 []  SELECT * FROM news order by news_id desc
21:59:12 []  SELECT * FROM events order by events_id desc
22:01:58 []  SELECT * FROM news order by news_id desc
22:01:58 []  SELECT * FROM events order by events_id desc
22:17:29 []  SELECT * FROM news order by news_id desc
22:17:29 []  SELECT * FROM events order by events_id desc
22:33:55 []  SELECT * FROM news order by news_id desc
22:33:55 []  SELECT * FROM events order by events_id desc
23:23:38 []  SELECT * FROM news order by news_id desc
23:23:38 []  SELECT * FROM events order by events_id desc
23:39:06 []  SELECT * FROM news order by news_id desc
23:39:06 []  SELECT * FROM events order by events_id desc
