00:58:13 []  SELECT * FROM news order by news_id desc
00:58:13 []  SELECT * FROM events order by events_id desc
01:22:43 []  SELECT * FROM news order by news_id desc
01:22:43 []  SELECT * FROM events order by events_id desc
01:35:15 []  SELECT * FROM professor where type_id=1 order by firstname asc
01:49:16 []  SELECT * FROM news order by news_id desc
03:32:25 []  SELECT * FROM news order by news_id desc
03:37:00 []  SELECT * FROM news order by news_id desc
03:37:00 []  SELECT * FROM events order by events_id desc
03:58:22 []  SELECT * FROM news order by news_id desc
03:59:16 []  SELECT * FROM news order by news_id desc
03:59:16 []  SELECT * FROM events order by events_id desc
04:15:07 []  SELECT * FROM news order by news_id desc
04:15:07 []  SELECT * FROM events order by events_id desc
04:23:51 []  SELECT * FROM news order by news_id desc
04:23:51 []  SELECT * FROM events order by events_id desc
04:24:51 []  SELECT * FROM news order by news_id desc
04:24:51 []  SELECT * FROM events order by events_id desc
04:46:41 []  SELECT * FROM news order by news_id desc
04:48:51 []  SELECT * FROM news order by news_id desc
04:48:51 []  SELECT * FROM events order by events_id desc
05:08:54 []  SELECT * FROM news order by news_id desc
05:08:54 []  SELECT * FROM events order by events_id desc
05:11:40 []  SELECT * FROM news order by news_id desc
05:11:40 []  SELECT * FROM events order by events_id desc
05:14:42 []  SELECT * FROM news order by news_id desc
05:19:17 []  SELECT * FROM news order by news_id desc
05:35:13 []  SELECT * FROM news order by news_id desc
05:35:13 []  SELECT * FROM events order by events_id desc
05:35:17 []  SELECT * FROM news order by news_id desc
05:35:17 []  SELECT * FROM events order by events_id desc
05:38:21 []  SELECT * FROM news order by news_id desc
05:38:21 []  SELECT * FROM events order by events_id desc
08:19:26 []  SELECT * FROM news order by news_id desc
08:19:27 []  SELECT * FROM events order by events_id desc
08:19:58 []  SELECT * FROM news order by news_id desc
08:20:55 []  SELECT * FROM news order by news_id desc
08:21:31 []  SELECT * FROM news order by news_id desc
10:21:14 []  SELECT * FROM news order by news_id desc
10:21:14 []  SELECT * FROM events order by events_id desc
10:46:11 []  SELECT * FROM events order by events_id desc
10:46:39 []  SELECT * FROM news order by news_id desc
10:46:39 []  SELECT * FROM events order by events_id desc
10:47:30 []  SELECT * FROM news order by news_id desc
10:48:07 []  SELECT * FROM news order by news_id desc
10:48:19 []  SELECT * FROM news order by news_id desc
11:03:55 []  SELECT * FROM news order by news_id desc
11:03:55 []  SELECT * FROM events order by events_id desc
11:41:46 []  SELECT * FROM news order by news_id desc
11:41:47 []  SELECT * FROM events order by events_id desc
11:52:08 []  SELECT * FROM news order by news_id desc
11:52:08 []  SELECT * FROM events order by events_id desc
11:57:21 []  SELECT * FROM news order by news_id desc
12:19:39 []  SELECT * FROM news order by news_id desc
12:19:39 []  SELECT * FROM events order by events_id desc
12:37:56 []  SELECT * FROM news order by news_id desc
12:37:56 []  SELECT * FROM events order by events_id desc
12:43:34 []  SELECT * FROM news order by news_id desc
12:43:34 []  SELECT * FROM events order by events_id desc
12:49:13 []  SELECT * FROM news order by news_id desc
12:52:43 []  SELECT * FROM news order by news_id desc
12:52:43 []  SELECT * FROM events order by events_id desc
13:27:11 []  SELECT * FROM news order by news_id desc
13:27:11 []  SELECT * FROM events order by events_id desc
13:44:48 []  SELECT * FROM news order by news_id desc
13:44:48 []  SELECT * FROM events order by events_id desc
14:07:09 []  SELECT * FROM events order by events_id desc
15:19:55 []  SELECT * FROM news order by news_id desc
15:19:55 []  SELECT * FROM events order by events_id desc
15:43:42 []  SELECT * FROM news order by news_id desc
15:43:42 []  SELECT * FROM events order by events_id desc
15:43:49 []  SELECT * FROM news order by news_id desc
15:43:59 []  SELECT * FROM news order by news_id desc
16:50:02 []  SELECT * FROM news order by news_id desc
16:50:03 []  SELECT * FROM events order by events_id desc
16:50:56 []  SELECT * FROM news order by news_id desc
16:50:56 []  SELECT * FROM events order by events_id desc
16:51:22 []  SELECT * FROM news order by news_id desc
16:56:53 []  SELECT * FROM news order by news_id desc
16:56:53 []  SELECT * FROM events order by events_id desc
17:01:17 []  SELECT * FROM professor where (type_id=0) and (firstname like 's%' or firstname like 't%' or firstname like 'u%' or firstname like 'v%' or firstname like 'w%' or firstname like 'x%' or firstname like 'y%' or firstname like 'z%') order by firstname asc
17:17:45 []  SELECT * FROM news order by news_id desc
17:17:45 []  SELECT * FROM events order by events_id desc
17:31:02 []  SELECT * FROM news order by news_id desc
17:31:02 []  SELECT * FROM events order by events_id desc
17:31:58 []  SELECT * FROM news order by news_id desc
17:31:58 []  SELECT * FROM events order by events_id desc
18:04:35 []  SELECT * FROM news order by news_id desc
18:04:35 []  SELECT * FROM events order by events_id desc
18:04:55 []  SELECT * FROM news order by news_id desc
18:04:55 []  SELECT * FROM events order by events_id desc
18:07:55 []  SELECT * FROM professor where (type_id=0) and (firstname like 'a%' or firstname like 'b%' or firstname like 'c%' or firstname like 'd%' or firstname like 'e%' or firstname like 'f%') order by firstname asc
18:16:37 []  SELECT * FROM news order by news_id desc
18:16:37 []  SELECT * FROM events order by events_id desc
18:17:04 []  SELECT * FROM news order by news_id desc
18:18:58 []  SELECT * FROM news order by news_id desc
18:18:58 []  SELECT * FROM events order by events_id desc
18:38:03 []  SELECT * FROM events order by events_id desc
18:42:00 []  SELECT * FROM news order by news_id desc
18:49:18 []  SELECT * FROM news order by news_id desc
18:49:18 []  SELECT * FROM events order by events_id desc
19:00:13 []  SELECT * FROM professor where (type_id=0) and (firstname like 'a%' or firstname like 'b%' or firstname like 'c%' or firstname like 'd%' or firstname like 'e%' or firstname like 'f%') order by firstname asc
19:20:42 []  SELECT * FROM news order by news_id desc
19:25:38 []  SELECT * FROM news order by news_id desc
19:25:38 []  SELECT * FROM events order by events_id desc
19:50:42 []  SELECT * FROM news order by news_id desc
19:51:30 []  SELECT * FROM news order by news_id desc
20:25:40 []  SELECT * FROM news order by news_id desc
20:25:40 []  SELECT * FROM events order by events_id desc
20:32:25 []  SELECT * FROM news order by news_id desc
20:32:25 []  SELECT * FROM events order by events_id desc
20:32:38 []  SELECT * FROM news order by news_id desc
21:21:20 []  SELECT * FROM news order by news_id desc
21:27:10 []  SELECT * FROM news order by news_id desc
21:27:10 []  SELECT * FROM events order by events_id desc
21:36:08 []  SELECT * FROM news order by news_id desc
21:36:08 []  SELECT * FROM events order by events_id desc
21:59:35 []  SELECT * FROM professor where (type_id=0) and (firstname like 'g%' or firstname like 'h%' or firstname like 'i%' or firstname like 'j%' or firstname like 'k%' or firstname like 'l%') order by firstname asc
22:05:58 []  SELECT * FROM news order by news_id desc
22:05:58 []  SELECT * FROM events order by events_id desc
22:07:19 []  SELECT * FROM news order by news_id desc
22:07:19 []  SELECT * FROM events order by events_id desc
22:10:09 []  SELECT * FROM events order by events_id desc
22:11:37 []  SELECT * FROM news order by news_id desc
22:11:37 []  SELECT * FROM events order by events_id desc
22:11:43 []  SELECT * FROM news order by news_id desc
22:14:05 []  SELECT * FROM news order by news_id desc
22:14:05 []  SELECT * FROM events order by events_id desc
22:14:10 []  SELECT * FROM news order by news_id desc
22:14:35 []  SELECT * FROM news order by news_id desc
22:14:35 []  SELECT * FROM events order by events_id desc
22:14:40 []  SELECT * FROM news order by news_id desc
22:14:40 []  SELECT * FROM events order by events_id desc
22:14:47 []  SELECT * FROM news order by news_id desc
22:14:47 []  SELECT * FROM events order by events_id desc
22:14:54 []  SELECT * FROM news order by news_id desc
22:15:11 []  SELECT * FROM news order by news_id desc
22:15:18 []  SELECT * FROM news order by news_id desc
22:46:12 []  SELECT * FROM professor where (type_id=0) and (firstname like 'm%' or firstname like 'n%' or firstname like 'o%' or firstname like 'p%' or firstname like 'q%' or firstname like 'r%') order by firstname asc
23:02:59 []  SELECT * FROM professor where (type_id=0) and (firstname like 's%' or firstname like 't%' or firstname like 'u%' or firstname like 'v%' or firstname like 'w%' or firstname like 'x%' or firstname like 'y%' or firstname like 'z%') order by firstname asc
23:46:25 []  SELECT * FROM news order by news_id desc
23:51:36 []  SELECT * FROM news order by news_id desc
23:51:36 []  SELECT * FROM events order by events_id desc
23:53:03 []  SELECT * FROM news order by news_id desc
23:53:03 []  SELECT * FROM events order by events_id desc
