00:04:46 []  SELECT * FROM news order by news_id desc
00:04:46 []  SELECT * FROM events order by events_id desc
02:25:58 []  SELECT * FROM news order by news_id desc
02:25:58 []  SELECT * FROM events order by events_id desc
05:23:47 []  SELECT * FROM news order by news_id desc
05:23:47 []  SELECT * FROM events order by events_id desc
05:29:07 []  SELECT * FROM events order by events_id desc
05:30:19 []  SELECT * FROM news order by news_id desc
05:38:15 []  SELECT * FROM news order by news_id desc
05:50:26 []  SELECT * FROM news order by news_id desc
06:05:33 []  SELECT * FROM news order by news_id desc
06:08:52 []  SELECT * FROM news order by news_id desc
06:08:52 []  SELECT * FROM events order by events_id desc
06:22:16 []  SELECT * FROM events order by events_id desc
06:24:26 []  SELECT * FROM news order by news_id desc
06:24:26 []  SELECT * FROM events order by events_id desc
06:25:40 []  SELECT * FROM news order by news_id desc
06:48:26 []  SELECT * FROM news order by news_id desc
06:48:26 []  SELECT * FROM events order by events_id desc
06:59:26 []  SELECT * FROM news order by news_id desc
08:09:02 []  SELECT * FROM news order by news_id desc
08:09:02 []  SELECT * FROM events order by events_id desc
08:09:33 []  SELECT * FROM news order by news_id desc
08:59:32 []  SELECT * FROM news order by news_id desc
09:12:42 []  SELECT * FROM news order by news_id desc
09:29:02 []  SELECT * FROM news order by news_id desc
09:29:02 []  SELECT * FROM events order by events_id desc
09:42:34 []  SELECT * FROM news order by news_id desc
10:30:23 []  SELECT * FROM news order by news_id desc
10:30:23 []  SELECT * FROM events order by events_id desc
10:38:14 []  SELECT * FROM events order by events_id desc
11:49:13 []  SELECT * FROM news order by news_id desc
11:49:13 []  SELECT * FROM events order by events_id desc
11:56:56 []  SELECT * FROM news order by news_id desc
12:00:11 []  SELECT * FROM professor where (type_id=0) and (firstname like 's%' or firstname like 't%' or firstname like 'u%' or firstname like 'v%' or firstname like 'w%' or firstname like 'x%' or firstname like 'y%' or firstname like 'z%') order by firstname asc
12:42:40 []  SELECT * FROM news order by news_id desc
12:42:40 []  SELECT * FROM events order by events_id desc
14:15:31 []  SELECT * FROM news order by news_id desc
14:19:13 []  SELECT * FROM professor where (type_id=0) and (firstname like 'a%' or firstname like 'b%' or firstname like 'c%' or firstname like 'd%' or firstname like 'e%' or firstname like 'f%') order by firstname asc
14:27:55 []  SELECT * FROM news order by news_id desc
14:27:55 []  SELECT * FROM events order by events_id desc
14:29:37 []  SELECT * FROM news order by news_id desc
14:29:37 []  SELECT * FROM events order by events_id desc
14:30:13 []  SELECT * FROM events order by events_id desc
14:40:29 []  SELECT * FROM news order by news_id desc
14:40:29 []  SELECT * FROM events order by events_id desc
15:04:13 []  SELECT * FROM news order by news_id desc
15:30:24 []  SELECT * FROM news order by news_id desc
15:30:24 []  SELECT * FROM events order by events_id desc
16:26:43 []  SELECT * FROM news order by news_id desc
16:50:42 []  SELECT * FROM news order by news_id desc
16:50:42 []  SELECT * FROM events order by events_id desc
16:53:37 []  SELECT * FROM news order by news_id desc
16:53:37 []  SELECT * FROM events order by events_id desc
17:28:30 []  SELECT * FROM news order by news_id desc
17:28:30 []  SELECT * FROM events order by events_id desc
17:49:23 []  SELECT * FROM news order by news_id desc
17:49:23 []  SELECT * FROM events order by events_id desc
17:50:44 []  SELECT * FROM events order by events_id desc
18:32:45 []  SELECT * FROM news order by news_id desc
18:32:45 []  SELECT * FROM events order by events_id desc
18:32:54 []  SELECT * FROM news order by news_id desc
18:45:19 []  SELECT * FROM professor where (type_id=0) and (firstname like 'a%' or firstname like 'b%' or firstname like 'c%' or firstname like 'd%' or firstname like 'e%' or firstname like 'f%') order by firstname asc
18:49:47 []  SELECT * FROM events order by events_id desc
19:23:58 []  SELECT * FROM professor where type_id=2 order by firstname asc
19:26:25 []  SELECT * FROM news order by news_id desc
19:26:25 []  SELECT * FROM events order by events_id desc
20:05:06 []  SELECT * FROM news order by news_id desc
20:05:06 []  SELECT * FROM events order by events_id desc
20:12:55 []  SELECT * FROM news order by news_id desc
20:16:05 []  SELECT * FROM news order by news_id desc
20:16:05 []  SELECT * FROM events order by events_id desc
20:20:10 []  SELECT * FROM news order by news_id desc
21:47:57 []  SELECT * FROM news order by news_id desc
21:47:58 []  SELECT * FROM events order by events_id desc
21:48:05 []  SELECT * FROM events order by events_id desc
21:50:10 []  SELECT * FROM news order by news_id desc
21:52:35 []  SELECT * FROM news order by news_id desc
21:52:35 []  SELECT * FROM events order by events_id desc
21:52:57 []  SELECT * FROM news order by news_id desc
21:52:57 []  SELECT * FROM events order by events_id desc
21:53:57 []  SELECT * FROM news order by news_id desc
22:04:53 []  SELECT * FROM professor where (type_id=0) and (firstname like 'g%' or firstname like 'h%' or firstname like 'i%' or firstname like 'j%' or firstname like 'k%' or firstname like 'l%') order by firstname asc
22:35:28 []  SELECT * FROM news order by news_id desc
22:35:28 []  SELECT * FROM events order by events_id desc
22:50:10 []  SELECT * FROM news order by news_id desc
23:08:10 []  SELECT * FROM news order by news_id desc
23:08:10 []  SELECT * FROM events order by events_id desc
23:08:19 []  SELECT * FROM news order by news_id desc
23:15:03 []  SELECT * FROM news order by news_id desc
23:15:03 []  SELECT * FROM events order by events_id desc
23:15:11 []  SELECT * FROM events order by events_id desc
23:19:30 []  SELECT * FROM news order by news_id desc
23:19:30 []  SELECT * FROM events order by events_id desc
