00:28:01 []  SELECT * FROM news order by news_id desc
00:28:14 []  SELECT * FROM news order by news_id desc
00:28:14 []  SELECT * FROM events order by events_id desc
00:28:23 []  SELECT * FROM news order by news_id desc
00:28:27 []  SELECT * FROM news order by news_id desc
00:49:08 []  SELECT * FROM news order by news_id desc
00:49:08 []  SELECT * FROM events order by events_id desc
00:49:14 []  SELECT * FROM news order by news_id desc
00:49:14 []  SELECT * FROM events order by events_id desc
00:53:21 []  SELECT * FROM news order by news_id desc
07:39:11 []  SELECT * FROM news order by news_id desc
07:39:11 []  SELECT * FROM news order by news_id desc
07:43:15 []  SELECT * FROM professor where (type_id=0) and (firstname like 'a%' or firstname like 'b%' or firstname like 'c%' or firstname like 'd%' or firstname like 'e%' or firstname like 'f%') order by firstname asc
07:46:24 []  SELECT * FROM events order by events_id desc
08:21:59 []  SELECT * FROM news order by news_id desc
08:21:59 []  SELECT * FROM events order by events_id desc
08:41:32 []  SELECT * FROM news order by news_id desc
08:41:32 []  SELECT * FROM events order by events_id desc
08:54:31 []  SELECT * FROM news order by news_id desc
09:06:58 []  SELECT * FROM news order by news_id desc
09:06:58 []  SELECT * FROM events order by events_id desc
09:07:03 []  SELECT * FROM news order by news_id desc
09:08:33 []  SELECT * FROM news order by news_id desc
09:08:33 []  SELECT * FROM events order by events_id desc
09:22:41 []  SELECT * FROM news order by news_id desc
09:22:41 []  SELECT * FROM events order by events_id desc
09:50:18 []  SELECT * FROM news order by news_id desc
09:50:18 []  SELECT * FROM events order by events_id desc
09:53:02 []  SELECT * FROM news order by news_id desc
09:53:02 []  SELECT * FROM events order by events_id desc
10:05:24 []  SELECT * FROM news order by news_id desc
10:13:47 []  SELECT * FROM news order by news_id desc
10:13:47 []  SELECT * FROM events order by events_id desc
10:14:30 []  SELECT * FROM news order by news_id desc
10:14:35 []  SELECT * FROM news order by news_id desc
10:14:44 []  SELECT * FROM news order by news_id desc
10:39:36 []  SELECT * FROM professor where (type_id=0) and (firstname like 'a%' or firstname like 'b%' or firstname like 'c%' or firstname like 'd%' or firstname like 'e%' or firstname like 'f%') order by firstname asc
10:40:59 []  SELECT * FROM news order by news_id desc
10:40:59 []  SELECT * FROM events order by events_id desc
10:41:13 []  SELECT * FROM events order by events_id desc
10:41:27 []  SELECT * FROM news order by news_id desc
10:41:27 []  SELECT * FROM events order by events_id desc
10:41:34 []  SELECT * FROM events order by events_id desc
10:44:13 []  SELECT * FROM news order by news_id desc
10:44:13 []  SELECT * FROM events order by events_id desc
10:44:16 []  SELECT * FROM news order by news_id desc
10:44:19 []  SELECT * FROM events order by events_id desc
10:45:36 []  SELECT * FROM news order by news_id desc
10:50:00 []  SELECT * FROM news order by news_id desc
10:50:00 []  SELECT * FROM events order by events_id desc
10:57:40 []  SELECT * FROM news order by news_id desc
11:02:28 []  SELECT * FROM news order by news_id desc
11:02:28 []  SELECT * FROM events order by events_id desc
11:08:27 []  SELECT * FROM news order by news_id desc
11:08:27 []  SELECT * FROM events order by events_id desc
11:09:01 []  SELECT * FROM news order by news_id desc
11:09:01 []  SELECT * FROM events order by events_id desc
11:09:02 []  SELECT * FROM news order by news_id desc
11:09:02 []  SELECT * FROM events order by events_id desc
11:17:42 []  SELECT * FROM news order by news_id desc
11:17:42 []  SELECT * FROM events order by events_id desc
11:17:51 []  SELECT * FROM news order by news_id desc
11:17:51 []  SELECT * FROM events order by events_id desc
11:32:33 []  SELECT * FROM news order by news_id desc
11:32:33 []  SELECT * FROM news order by news_id desc
11:32:33 []  SELECT * FROM events order by events_id desc
11:32:33 []  SELECT * FROM events order by events_id desc
11:47:20 []  SELECT * FROM link order by seq asc
12:13:42 []  SELECT * FROM news order by news_id desc
12:18:22 []  SELECT * FROM news order by news_id desc
12:18:22 []  SELECT * FROM events order by events_id desc
12:18:33 []  SELECT * FROM news order by news_id desc
12:18:33 []  SELECT * FROM events order by events_id desc
13:26:49 []  SELECT * FROM news order by news_id desc
13:26:49 []  SELECT * FROM events order by events_id desc
13:29:17 []  SELECT * FROM news order by news_id desc
13:29:17 []  SELECT * FROM events order by events_id desc
13:47:16 []  SELECT * FROM news order by news_id desc
13:47:16 []  SELECT * FROM events order by events_id desc
13:53:17 []  SELECT * FROM news order by news_id desc
13:53:17 []  SELECT * FROM events order by events_id desc
13:54:45 []  SELECT * FROM events order by events_id desc
14:03:57 []  SELECT * FROM news order by news_id desc
14:03:57 []  SELECT * FROM events order by events_id desc
14:16:51 []  SELECT * FROM news order by news_id desc
14:41:22 []  SELECT * FROM news order by news_id desc
14:41:22 []  SELECT * FROM events order by events_id desc
14:42:49 []  SELECT * FROM news order by news_id desc
15:01:05 []  SELECT * FROM news order by news_id desc
15:01:05 []  SELECT * FROM events order by events_id desc
15:10:58 []  SELECT * FROM news order by news_id desc
15:12:04 []  SELECT * FROM news order by news_id desc
15:12:04 []  SELECT * FROM events order by events_id desc
15:12:27 []  SELECT * FROM news order by news_id desc
15:22:53 []  SELECT * FROM news order by news_id desc
15:22:55 []  SELECT * FROM professor where type_id=1 order by firstname asc
15:28:27 []  SELECT * FROM news order by news_id desc
15:28:27 []  SELECT * FROM events order by events_id desc
15:28:38 []  SELECT * FROM news order by news_id desc
15:28:38 []  SELECT * FROM events order by events_id desc
15:40:25 []  SELECT * FROM news order by news_id desc
15:40:25 []  SELECT * FROM events order by events_id desc
15:55:46 []  SELECT * FROM news order by news_id desc
15:55:46 []  SELECT * FROM events order by events_id desc
15:57:59 []  SELECT * FROM news order by news_id desc
15:57:59 []  SELECT * FROM events order by events_id desc
15:57:59 []  SELECT * FROM news order by news_id desc
15:57:59 []  SELECT * FROM events order by events_id desc
16:42:18 []  SELECT * FROM news order by news_id desc
16:42:18 []  SELECT * FROM events order by events_id desc
16:46:18 []  SELECT * FROM news order by news_id desc
16:46:18 []  SELECT * FROM events order by events_id desc
16:53:01 []  SELECT * FROM news order by news_id desc
16:55:33 []  SELECT * FROM news order by news_id desc
16:55:45 []  SELECT * FROM news order by news_id desc
16:58:40 []  SELECT * FROM news order by news_id desc
16:58:40 []  SELECT * FROM events order by events_id desc
17:26:45 []  SELECT * FROM news order by news_id desc
17:26:45 []  SELECT * FROM events order by events_id desc
17:27:33 []  SELECT * FROM news order by news_id desc
17:27:33 []  SELECT * FROM events order by events_id desc
17:28:19 []  SELECT * FROM news order by news_id desc
17:28:19 []  SELECT * FROM events order by events_id desc
17:28:47 []  SELECT * FROM news order by news_id desc
17:28:47 []  SELECT * FROM events order by events_id desc
17:38:19 []  SELECT * FROM news order by news_id desc
17:38:19 []  SELECT * FROM events order by events_id desc
17:38:50 []  SELECT * FROM news order by news_id desc
17:38:50 []  SELECT * FROM events order by events_id desc
17:42:14 []  SELECT * FROM news order by news_id desc
17:42:14 []  SELECT * FROM events order by events_id desc
17:52:44 []  SELECT * FROM news order by news_id desc
17:52:44 []  SELECT * FROM events order by events_id desc
18:51:04 []  SELECT * FROM news order by news_id desc
18:53:00 []  SELECT * FROM news order by news_id desc
18:53:00 []  SELECT * FROM events order by events_id desc
18:53:01 []  SELECT * FROM news order by news_id desc
18:53:01 []  SELECT * FROM events order by events_id desc
19:35:44 []  SELECT * FROM news order by news_id desc
19:35:44 []  SELECT * FROM events order by events_id desc
19:44:53 []  SELECT * FROM news order by news_id desc
19:44:53 []  SELECT * FROM events order by events_id desc
19:51:06 []  SELECT * FROM news order by news_id desc
19:51:06 []  SELECT * FROM events order by events_id desc
19:59:00 []  SELECT * FROM news order by news_id desc
19:59:00 []  SELECT * FROM events order by events_id desc
20:00:47 []  SELECT * FROM news order by news_id desc
20:00:47 []  SELECT * FROM events order by events_id desc
20:18:06 []  SELECT * FROM news order by news_id desc
20:18:06 []  SELECT * FROM events order by events_id desc
20:37:14 []  SELECT * FROM news order by news_id desc
20:44:26 []  SELECT * FROM news order by news_id desc
20:44:26 []  SELECT * FROM events order by events_id desc
20:44:35 []  SELECT * FROM professor where (type_id=0) and (firstname like 'g%' or firstname like 'h%' or firstname like 'i%' or firstname like 'j%' or firstname like 'k%' or firstname like 'l%') order by firstname asc
20:54:18 []  SELECT * FROM news order by news_id desc
20:54:18 []  SELECT * FROM events order by events_id desc
21:44:36 []  SELECT * FROM news order by news_id desc
21:44:36 []  SELECT * FROM events order by events_id desc
21:47:41 []  SELECT * FROM news order by news_id desc
22:18:59 []  SELECT * FROM news order by news_id desc
22:18:59 []  SELECT * FROM events order by events_id desc
22:41:47 []  SELECT * FROM news order by news_id desc
22:41:47 []  SELECT * FROM events order by events_id desc
22:42:42 []  SELECT * FROM news order by news_id desc
22:42:42 []  SELECT * FROM events order by events_id desc
22:43:08 []  SELECT * FROM news order by news_id desc
22:44:39 []  SELECT * FROM news order by news_id desc
22:44:39 []  SELECT * FROM events order by events_id desc
22:44:52 []  SELECT * FROM news order by news_id desc
22:44:52 []  SELECT * FROM events order by events_id desc
22:48:50 []  SELECT * FROM news order by news_id desc
22:48:50 []  SELECT * FROM events order by events_id desc
22:48:51 []  SELECT * FROM news order by news_id desc
22:48:51 []  SELECT * FROM events order by events_id desc
22:49:25 []  SELECT * FROM news order by news_id desc
22:49:25 []  SELECT * FROM events order by events_id desc
23:01:52 []  SELECT * FROM news order by news_id desc
23:01:54 []  SELECT * FROM news order by news_id desc
23:15:47 []  SELECT * FROM news order by news_id desc
23:15:47 []  SELECT * FROM events order by events_id desc
23:15:49 []  SELECT * FROM news order by news_id desc
23:15:49 []  SELECT * FROM events order by events_id desc
23:20:12 []  SELECT * FROM news order by news_id desc
23:21:39 []  SELECT * FROM news order by news_id desc
23:25:29 []  SELECT * FROM link order by seq asc
23:29:29 []  SELECT * FROM news order by news_id desc
23:29:32 []  SELECT * FROM news order by news_id desc
23:29:32 []  SELECT * FROM events order by events_id desc
23:30:10 []  SELECT * FROM news order by news_id desc
23:30:57 []  SELECT * FROM news order by news_id desc
23:47:03 []  SELECT * FROM news order by news_id desc
23:47:03 []  SELECT * FROM events order by events_id desc
23:47:15 []  SELECT * FROM news order by news_id desc
23:47:15 []  SELECT * FROM events order by events_id desc
